android/app/build/outputs/logs/manifest-merger-release-report.txt
-- Merging decision tree log ---
application
INJECTED from src/main/AndroidManifest.xml:10:5-47:19
INJECTED from src/main/AndroidManifest.xml:10:5-47:19
MERGED from [:cloud_firestore] AndroidManifest.xml:7:5-13:19
MERGED from [:cloud_firestore] AndroidManifest.xml:7:5-13:19
MERGED from [:firebase_auth] AndroidManifest.xml:7:5-13:19
MERGED from [:firebase_auth] AndroidManifest.xml:7:5-13:19
MERGED from [:firebase_crashlytics] AndroidManifest.xml:7:5-13:19
MERGED from [:firebase_crashlytics] AndroidManifest.xml:7:5-13:19
MERGED from [:firebase_storage] AndroidManifest.xml:7:5-13:19
MERGED from [:firebase_storage] AndroidManifest.xml:7:5-13:19
MERGED from [:firebase_core] AndroidManifest.xml:7:5-13:19
MERGED from [:firebase_core] AndroidManifest.xml:7:5-13:19
MERGED from [:pdftron_flutter] AndroidManifest.xml:7:5-15:19
MERGED from [:pdftron_flutter] AndroidManifest.xml:7:5-15:19
MERGED from [:url_launcher_android] AndroidManifest.xml:7:5-12:19
MERGED from [:url_launcher_android] AndroidManifest.xml:7:5-12:19
MERGED from [com.google.firebase:firebase-crashlytics:19.1.0] AndroidManifest.xml:11:5-22:19
MERGED from [com.google.firebase:firebase-crashlytics:19.1.0] AndroidManifest.xml:11:5-22:19
MERGED from [com.google.firebase:firebase-auth:23.0.0] AndroidManifest.xml:28:5-73:19
MERGED from [com.google.firebase:firebase-auth:23.0.0] AndroidManifest.xml:28:5-73:19
MERGED from [com.google.firebase:firebase-firestore:25.1.0] AndroidManifest.xml:13:5-24:19
MERGED from [com.google.firebase:firebase-firestore:25.1.0] AndroidManifest.xml:13:5-24:19
MERGED from [com.google.firebase:firebase-storage:21.0.0] AndroidManifest.xml:26:5-37:19
MERGED from [com.google.firebase:firebase-storage:21.0.0] AndroidManifest.xml:26:5-37:19
MERGED from [com.google.firebase:firebase-sessions:2.0.4] AndroidManifest.xml:21:5-33:19
MERGED from [com.google.firebase:firebase-sessions:2.0.4] AndroidManifest.xml:21:5-33:19
MERGED from [com.google.firebase:firebase-installations:18.0.0] AndroidManifest.xml:11:5-22:19
MERGED from [com.google.firebase:firebase-installations:18.0.0] AndroidManifest.xml:11:5-22:19
MERGED from [com.google.firebase:firebase-appcheck:18.0.0] AndroidManifest.xml:21:5-32:19
MERGED from [com.google.firebase:firebase-appcheck:18.0.0] AndroidManifest.xml:21:5-32:19
MERGED from [com.google.firebase:firebase-common-ktx:21.0.0] AndroidManifest.xml:8:5-16:19
MERGED from [com.google.firebase:firebase-common-ktx:21.0.0] AndroidManifest.xml:8:5-16:19
MERGED from [com.google.firebase:firebase-datatransport:19.0.0] AndroidManifest.xml:21:5-29:19
MERGED from [com.google.firebase:firebase-datatransport:19.0.0] AndroidManifest.xml:21:5-29:19
MERGED from [com.google.android.datatransport:transport-backend-cct:3.3.0] AndroidManifest.xml:25:5-33:19
MERGED from [com.google.android.datatransport:transport-backend-cct:3.3.0] AndroidManifest.xml:25:5-33:19
MERGED from [com.pdftron:tools:11.2.0] AndroidManifest.xml:8:5-26:19
MERGED from [com.pdftron:tools:11.2.0] AndroidManifest.xml:8:5-26:19
MERGED from [androidx.window:window:1.2.0] AndroidManifest.xml:22:5-29:19
MERGED from [androidx.window:window:1.2.0] AndroidManifest.xml:22:5-29:19
MERGED from [androidx.credentials:credentials-play-services-auth:1.2.0-rc01] AndroidManifest.xml:23:5-42:19
MERGED from [androidx.credentials:credentials-play-services-auth:1.2.0-rc01] AndroidManifest.xml:23:5-42:19
MERGED from [com.google.android.gms:play-services-auth:21.0.0] AndroidManifest.xml:22:5-38:19
MERGED from [com.google.android.gms:play-services-auth:21.0.0] AndroidManifest.xml:22:5-38:19
MERGED from [com.google.android.material:material:1.5.0] AndroidManifest.xml:22:5-20
MERGED from [com.google.android.material:material:1.5.0] AndroidManifest.xml:22:5-20
MERGED from [androidx.constraintlayout:constraintlayout:2.1.0] AndroidManifest.xml:9:5-20
MERGED from [androidx.constraintlayout:constraintlayout:2.1.0] AndroidManifest.xml:9:5-20
MERGED from [androidx.lifecycle:lifecycle-extensions:2.2.0] AndroidManifest.xml:24:5-25:19
MERGED from [androidx.lifecycle:lifecycle-extensions:2.2.0] AndroidManifest.xml:24:5-25:19
MERGED from [com.google.firebase:firebase-auth-interop:20.0.0] AndroidManifest.xml:7:5-8:19
MERGED from [com.google.firebase:firebase-auth-interop:20.0.0] AndroidManifest.xml:7:5-8:19
MERGED from [com.google.firebase:firebase-common:21.0.0] AndroidManifest.xml:22:5-39:19
MERGED from [com.google.firebase:firebase-common:21.0.0] AndroidManifest.xml:22:5-39:19
MERGED from [com.google.android.play:integrity:1.2.0] AndroidManifest.xml:5:5-6:19
MERGED from [com.google.android.play:integrity:1.2.0] AndroidManifest.xml:5:5-6:19
MERGED from [com.google.firebase:firebase-appcheck-interop:17.1.0] AndroidManifest.xml:21:5-20
MERGED from [com.google.firebase:firebase-appcheck-interop:17.1.0] AndroidManifest.xml:21:5-20
MERGED from [com.google.android.gms:play-services-fido:20.1.0] AndroidManifest.xml:7:5-8:19
MERGED from [com.google.android.gms:play-services-fido:20.1.0] AndroidManifest.xml:7:5-8:19
MERGED from [androidx.lifecycle:lifecycle-process:2.7.0] AndroidManifest.xml:23:5-33:19
MERGED from [androidx.lifecycle:lifecycle-process:2.7.0] AndroidManifest.xml:23:5-33:19
MERGED from [com.google.android.gms:play-services-base:18.1.0] AndroidManifest.xml:19:5-23:19
MERGED from [com.google.android.gms:play-services-base:18.1.0] AndroidManifest.xml:19:5-23:19
MERGED from [com.google.android.gms:play-services-tasks:18.1.0] AndroidManifest.xml:5:5-20
MERGED from [com.google.android.gms:play-services-tasks:18.1.0] AndroidManifest.xml:5:5-20
MERGED from [com.google.firebase:firebase-measurement-connector:20.0.1] AndroidManifest.xml:22:5-23:19
MERGED from [com.google.firebase:firebase-measurement-connector:20.0.1] AndroidManifest.xml:22:5-23:19
MERGED from [com.google.android.gms:play-services-basement:18.3.0] AndroidManifest.xml:20:5-24:19
MERGED from [com.google.android.gms:play-services-basement:18.3.0] AndroidManifest.xml:20:5-24:19
MERGED from [androidx.core:core:1.13.1] AndroidManifest.xml:28:5-89
MERGED from [androidx.core:core:1.13.1] AndroidManifest.xml:28:5-89
MERGED from [androidx.profileinstaller:profileinstaller:1.3.1] AndroidManifest.xml:23:5-53:19
MERGED from [androidx.profileinstaller:profileinstaller:1.3.1] AndroidManifest.xml:23:5-53:19
MERGED from [androidx.startup:startup-runtime:1.1.1] AndroidManifest.xml:25:5-31:19
MERGED from [androidx.startup:startup-runtime:1.1.1] AndroidManifest.xml:25:5-31:19
MERGED from [com.squareup.picasso:picasso:2.71828] AndroidManifest.xml:7:5-12:19
MERGED from [com.squareup.picasso:picasso:2.71828] AndroidManifest.xml:7:5-12:19
MERGED from [androidx.versionedparcelable:versionedparcelable:1.1.1] AndroidManifest.xml:24:5-25:19
MERGED from [androidx.versionedparcelable:versionedparcelable:1.1.1] AndroidManifest.xml:24:5-25:19
MERGED from [androidx.room:room-runtime:2.4.3] AndroidManifest.xml:24:5-29:19
MERGED from [androidx.room:room-runtime:2.4.3] AndroidManifest.xml:24:5-29:19
MERGED from [com.google.android.datatransport:transport-runtime:3.3.0] AndroidManifest.xml:23:5-37:19
MERGED from [com.google.android.datatransport:transport-runtime:3.3.0] AndroidManifest.xml:23:5-37:19
MERGED from [com.pdftron:pdftron:11.2.0] AndroidManifest.xml:7:5-12:19
MERGED from [com.pdftron:pdftron:11.2.0] AndroidManifest.xml:7:5-12:19
MERGED from [com.github.clans:fab:1.6.4] AndroidManifest.xml:12:5-20
MERGED from [com.github.clans:fab:1.6.4] AndroidManifest.xml:12:5-20
	android:extractNativeLibs
		INJECTED from src/main/AndroidManifest.xml
	android:appComponentFactory
		ADDED from [androidx.core:core:1.13.1] AndroidManifest.xml:28:18-86
	android:label
		ADDED from src/main/AndroidManifest.xml:11:9-38
	android:icon
		ADDED from src/main/AndroidManifest.xml:13:9-45
	android:name
		INJECTED from src/main/AndroidManifest.xml
		ADDED from src/main/AndroidManifest.xml:12:9-42
meta-data#pdftron_license_key
INJECTED from src/main/AndroidManifest.xml:28:13-31:19
	android:value
		INJECTED from src/main/AndroidManifest.xml
		ADDED from src/main/AndroidManifest.xml:30:17-53
	android:name
		ADDED from src/main/AndroidManifest.xml:29:17-51
manifest
ADDED from src/main/AndroidManifest.xml:1:1-59:12
INJECTED from src/main/AndroidManifest.xml:1:1-59:12
INJECTED from src/main/AndroidManifest.xml:1:1-59:12
INJECTED from src/main/AndroidManifest.xml:1:1-59:12
MERGED from [:alh_pdf_view_android] AndroidManifest.xml:2:1-7:12
MERGED from [:cloud_firestore] AndroidManifest.xml:2:1-15:12
MERGED from [:easy_pdf_viewer] AndroidManifest.xml:2:1-7:12
MERGED from [:firebase_auth] AndroidManifest.xml:2:1-15:12
MERGED from [:firebase_crashlytics] AndroidManifest.xml:2:1-15:12
MERGED from [:firebase_storage] AndroidManifest.xml:2:1-15:12
MERGED from [:firebase_core] AndroidManifest.xml:2:1-15:12
MERGED from [:flutter_keyboard_visibility_temp_fork] AndroidManifest.xml:2:1-7:12
MERGED from [:flutter_localization] AndroidManifest.xml:2:1-7:12
MERGED from [:flutter_native_splash] AndroidManifest.xml:2:1-7:12
MERGED from [:flutter_pdfview] AndroidManifest.xml:2:1-7:12
MERGED from [:flutter_secure_storage] AndroidManifest.xml:2:1-10:12
MERGED from [:fluttertoast] AndroidManifest.xml:2:1-7:12
MERGED from [:google_sign_in_android] AndroidManifest.xml:2:1-9:12
MERGED from [:path_provider_android] AndroidManifest.xml:2:1-7:12
MERGED from [:pdftron_flutter] AndroidManifest.xml:2:1-17:12
MERGED from [:permission_handler_android] AndroidManifest.xml:2:1-7:12
MERGED from [:quill_native_bridge_android] AndroidManifest.xml:2:1-7:12
MERGED from [:shared_preferences_android] AndroidManifest.xml:2:1-7:12
MERGED from [:sqflite_android] AndroidManifest.xml:2:1-7:12
MERGED from [:url_launcher_android] AndroidManifest.xml:2:1-14:12
MERGED from [:webview_flutter_android] AndroidManifest.xml:2:1-7:12
MERGED from [com.google.firebase:firebase-crashlytics:19.1.0] AndroidManifest.xml:2:1-24:12
MERGED from [com.google.firebase:firebase-auth:23.0.0] AndroidManifest.xml:17:1-75:12
MERGED from [com.google.firebase:firebase-firestore:25.1.0] AndroidManifest.xml:2:1-26:12
MERGED from [com.google.firebase:firebase-storage:21.0.0] AndroidManifest.xml:15:1-39:12
MERGED from [com.google.firebase:firebase-sessions:2.0.4] AndroidManifest.xml:15:1-35:12
MERGED from [com.google.firebase:firebase-installations:18.0.0] AndroidManifest.xml:2:1-24:12
MERGED from [com.google.firebase:firebase-appcheck:18.0.0] AndroidManifest.xml:15:1-34:12
MERGED from [com.google.firebase:firebase-common-ktx:21.0.0] AndroidManifest.xml:2:1-18:12
MERGED from [com.google.firebase:firebase-config-interop:16.0.1] AndroidManifest.xml:15:1-20:12
MERGED from [com.google.firebase:firebase-datatransport:19.0.0] AndroidManifest.xml:15:1-31:12
MERGED from [com.google.android.datatransport:transport-backend-cct:3.3.0] AndroidManifest.xml:15:1-35:12
MERGED from [com.google.firebase:firebase-encoders-json:18.0.1] AndroidManifest.xml:15:1-22:12
MERGED from [com.github.mhiew:android-pdf-viewer:3.2.0-beta.3] AndroidManifest.xml:2:1-9:12
MERGED from [com.pdftron:tools:11.2.0] AndroidManifest.xml:2:1-28:12
MERGED from [androidx.preference:preference:1.2.1] AndroidManifest.xml:17:1-24:12
MERGED from [androidx.browser:browser:1.5.0] AndroidManifest.xml:17:1-22:12
MERGED from [androidx.webkit:webkit:1.12.1] AndroidManifest.xml:2:1-7:12
MERGED from [androidx.legacy:legacy-support-v4:1.0.0] AndroidManifest.xml:17:1-22:12
MERGED from [androidx.legacy:legacy-support-core-ui:1.0.0] AndroidManifest.xml:17:1-22:12
MERGED from [androidx.slidingpanelayout:slidingpanelayout:1.2.0] AndroidManifest.xml:17:1-24:12
MERGED from [androidx.window:window:1.2.0] AndroidManifest.xml:17:1-31:12
MERGED from [androidx.window:window-java:1.2.0] AndroidManifest.xml:17:1-21:12
MERGED from [androidx.credentials:credentials:1.2.0-rc01] AndroidManifest.xml:2:1-7:12
MERGED from [androidx.credentials:credentials-play-services-auth:1.2.0-rc01] AndroidManifest.xml:17:1-44:12
MERGED from [com.google.android.gms:play-services-auth:21.0.0] AndroidManifest.xml:17:1-40:12
MERGED from [com.google.android.material:material:1.5.0] AndroidManifest.xml:17:1-24:12
MERGED from [androidx.constraintlayout:constraintlayout:2.1.0] AndroidManifest.xml:2:1-11:12
MERGED from [androidx.appcompat:appcompat:1.3.1] AndroidManifest.xml:17:1-24:12
MERGED from [androidx.lifecycle:lifecycle-extensions:2.2.0] AndroidManifest.xml:17:1-27:12
MERGED from [androidx.fragment:fragment-ktx:1.7.1] AndroidManifest.xml:2:1-7:12
MERGED from [com.google.firebase:firebase-auth-interop:20.0.0] AndroidManifest.xml:2:1-10:12
MERGED from [com.google.firebase:firebase-common:21.0.0] AndroidManifest.xml:15:1-41:12
MERGED from [com.google.android.gms:play-services-auth-api-phone:18.0.2] AndroidManifest.xml:2:1-7:12
MERGED from [com.google.android.gms:play-services-auth-base:18.0.10] AndroidManifest.xml:2:1-7:12
MERGED from [com.google.android.recaptcha:recaptcha:18.4.0] AndroidManifest.xml:2:1-11:12
MERGED from [com.google.android.play:integrity:1.2.0] AndroidManifest.xml:2:1-7:12
MERGED from [com.google.firebase:firebase-installations-interop:17.2.0] AndroidManifest.xml:15:1-19:12
MERGED from [com.google.firebase:firebase-appcheck-interop:17.1.0] AndroidManifest.xml:15:1-23:12
MERGED from [com.google.android.gms:play-services-fido:20.1.0] AndroidManifest.xml:2:1-10:12
MERGED from [androidx.activity:activity-ktx:1.8.1] AndroidManifest.xml:2:1-7:12
MERGED from [androidx.activity:activity:1.8.1] AndroidManifest.xml:17:1-22:12
MERGED from [androidx.lifecycle:lifecycle-runtime-ktx:2.7.0] AndroidManifest.xml:17:1-22:12
MERGED from [androidx.lifecycle:lifecycle-livedata-core-ktx:2.7.0] AndroidManifest.xml:2:1-7:12
MERGED from [androidx.lifecycle:lifecycle-viewmodel-ktx:2.7.0] AndroidManifest.xml:2:1-7:12
MERGED from [androidx.lifecycle:lifecycle-service:2.7.0] AndroidManifest.xml:2:1-7:12
MERGED from [androidx.lifecycle:lifecycle-livedata:2.7.0] AndroidManifest.xml:17:1-22:12
MERGED from [androidx.lifecycle:lifecycle-viewmodel-savedstate:2.7.0] AndroidManifest.xml:17:1-22:12
MERGED from [androidx.lifecycle:lifecycle-viewmodel:2.7.0] AndroidManifest.xml:17:1-22:12
MERGED from [androidx.lifecycle:lifecycle-livedata-core:2.7.0] AndroidManifest.xml:17:1-22:12
MERGED from [androidx.lifecycle:lifecycle-runtime:2.7.0] AndroidManifest.xml:2:1-7:12
MERGED from [androidx.lifecycle:lifecycle-process:2.7.0] AndroidManifest.xml:17:1-35:12
MERGED from [androidx.savedstate:savedstate-ktx:1.2.1] AndroidManifest.xml:17:1-22:12
MERGED from [androidx.savedstate:savedstate:1.2.1] AndroidManifest.xml:17:1-22:12
MERGED from [androidx.datastore:datastore-core-android:1.1.1] AndroidManifest.xml:2:1-7:12
MERGED from [androidx.datastore:datastore-preferences:1.1.1] AndroidManifest.xml:2:1-5:12
MERGED from [androidx.datastore:datastore-preferences-android:1.1.1] AndroidManifest.xml:17:1-22:12
MERGED from [androidx.datastore:datastore-android:1.1.1] AndroidManifest.xml:17:1-22:12
MERGED from [com.google.firebase:firebase-database-collection:18.0.1] AndroidManifest.xml:2:1-9:12
MERGED from [com.google.android.gms:play-services-base:18.1.0] AndroidManifest.xml:16:1-24:12
MERGED from [com.google.android.gms:play-services-tasks:18.1.0] AndroidManifest.xml:2:1-6:12
MERGED from [com.google.firebase:firebase-measurement-connector:20.0.1] AndroidManifest.xml:17:1-25:12
MERGED from [com.google.android.gms:play-services-basement:18.3.0] AndroidManifest.xml:16:1-26:12
MERGED from [androidx.viewpager2:viewpager2:1.0.0] AndroidManifest.xml:17:1-24:12
MERGED from [androidx.fragment:fragment:1.7.1] AndroidManifest.xml:2:1-7:12
MERGED from [androidx.dynamicanimation:dynamicanimation:1.0.0] AndroidManifest.xml:17:1-22:12
MERGED from [androidx.legacy:legacy-support-core-utils:1.0.0] AndroidManifest.xml:17:1-22:12
MERGED from [androidx.loader:loader:1.1.0] AndroidManifest.xml:17:1-24:12
MERGED from [androidx.recyclerview:recyclerview:1.2.1] AndroidManifest.xml:17:1-24:12
MERGED from [androidx.viewpager:viewpager:1.0.0] AndroidManifest.xml:17:1-22:12
MERGED from [androidx.core:core-ktx:1.13.1] AndroidManifest.xml:2:1-7:12
MERGED from [androidx.media:media:1.0.0] AndroidManifest.xml:17:1-22:12
MERGED from [androidx.appcompat:appcompat-resources:1.3.1] AndroidManifest.xml:17:1-24:12
MERGED from [androidx.drawerlayout:drawerlayout:1.1.1] AndroidManifest.xml:17:1-24:12
MERGED from [androidx.coordinatorlayout:coordinatorlayout:1.1.0] AndroidManifest.xml:17:1-24:12
MERGED from [androidx.vectordrawable:vectordrawable-animated:1.1.0] AndroidManifest.xml:17:1-24:12
MERGED from [androidx.vectordrawable:vectordrawable:1.1.0] AndroidManifest.xml:17:1-24:12
MERGED from [androidx.customview:customview:1.1.0] AndroidManifest.xml:17:1-24:12
MERGED from [androidx.transition:transition:1.4.1] AndroidManifest.xml:17:1-24:12
MERGED from [androidx.swiperefreshlayout:swiperefreshlayout:1.0.0] AndroidManifest.xml:17:1-22:12
MERGED from [androidx.asynclayoutinflater:asynclayoutinflater:1.0.0] AndroidManifest.xml:17:1-22:12
MERGED from [androidx.core:core:1.13.1] AndroidManifest.xml:17:1-30:12
MERGED from [androidx.profileinstaller:profileinstaller:1.3.1] AndroidManifest.xml:17:1-55:12
MERGED from [androidx.startup:startup-runtime:1.1.1] AndroidManifest.xml:17:1-33:12
MERGED from [androidx.tracing:tracing:1.2.0] AndroidManifest.xml:17:1-22:12
MERGED from [com.squareup.picasso:picasso:2.71828] AndroidManifest.xml:2:1-14:12
MERGED from [androidx.exifinterface:exifinterface:1.3.3] AndroidManifest.xml:17:1-24:12
MERGED from [androidx.versionedparcelable:versionedparcelable:1.1.1] AndroidManifest.xml:17:1-27:12
MERGED from [androidx.interpolator:interpolator:1.0.0] AndroidManifest.xml:17:1-22:12
MERGED from [androidx.room:room-runtime:2.4.3] AndroidManifest.xml:17:1-31:12
MERGED from [androidx.arch.core:core-runtime:2.2.0] AndroidManifest.xml:17:1-22:12
MERGED from [androidx.localbroadcastmanager:localbroadcastmanager:1.0.0] AndroidManifest.xml:17:1-22:12
MERGED from [com.google.firebase:firebase-components:18.0.0] AndroidManifest.xml:15:1-20:12
MERGED from [com.google.android.datatransport:transport-runtime:3.3.0] AndroidManifest.xml:15:1-39:12
MERGED from [com.google.android.datatransport:transport-api:3.2.0] AndroidManifest.xml:15:1-20:12
MERGED from [androidx.cursoradapter:cursoradapter:1.0.0] AndroidManifest.xml:17:1-22:12
MERGED from [androidx.cardview:cardview:1.0.0] AndroidManifest.xml:17:1-22:12
MERGED from [androidx.sqlite:sqlite-framework:2.2.0] AndroidManifest.xml:17:1-24:12
MERGED from [androidx.sqlite:sqlite:2.2.0] AndroidManifest.xml:17:1-24:12
MERGED from [androidx.window.extensions.core:core:1.0.0] AndroidManifest.xml:2:1-7:12
MERGED from [androidx.documentfile:documentfile:1.0.0] AndroidManifest.xml:17:1-22:12
MERGED from [androidx.print:print:1.0.0] AndroidManifest.xml:17:1-22:12
MERGED from [androidx.annotation:annotation-experimental:1.4.1] AndroidManifest.xml:2:1-7:12
MERGED from [com.google.android.libraries.identity.googleid:googleid:1.1.0] AndroidManifest.xml:2:1-7:12
MERGED from [io.grpc:grpc-android:1.62.2] AndroidManifest.xml:2:1-9:12
MERGED from [com.pdftron:pdftron:11.2.0] AndroidManifest.xml:2:1-14:12
MERGED from [com.getkeepsafe.relinker:relinker:1.4.5] AndroidManifest.xml:2:1-7:12
MERGED from [com.github.mhiew:pdfium-android:1.9.2] AndroidManifest.xml:2:1-9:12
MERGED from [com.github.clans:fab:1.6.4] AndroidManifest.xml:2:1-14:12
MERGED from [io.reactivex.rxjava2:rxandroid:2.1.0] AndroidManifest.xml:15:1-20:12
MERGED from [com.google.firebase:protolite-well-known-types:18.0.0] AndroidManifest.xml:2:1-11:12
	package
		INJECTED from src/main/AndroidManifest.xml
	android:versionName
		INJECTED from src/main/AndroidManifest.xml
	android:versionCode
		INJECTED from src/main/AndroidManifest.xml
	xmlns:android
		ADDED from src/main/AndroidManifest.xml:1:11-69
uses-permission#android.permission.INTERNET
ADDED from src/main/AndroidManifest.xml:3:5-67
MERGED from [:google_sign_in_android] AndroidManifest.xml:7:5-67
MERGED from [:google_sign_in_android] AndroidManifest.xml:7:5-67
MERGED from [com.google.firebase:firebase-crashlytics:19.1.0] AndroidManifest.xml:7:5-67
MERGED from [com.google.firebase:firebase-crashlytics:19.1.0] AndroidManifest.xml:7:5-67
MERGED from [com.google.firebase:firebase-auth:23.0.0] AndroidManifest.xml:25:5-67
MERGED from [com.google.firebase:firebase-auth:23.0.0] AndroidManifest.xml:25:5-67
MERGED from [com.google.firebase:firebase-firestore:25.1.0] AndroidManifest.xml:11:5-67
MERGED from [com.google.firebase:firebase-firestore:25.1.0] AndroidManifest.xml:11:5-67
MERGED from [com.google.firebase:firebase-storage:21.0.0] AndroidManifest.xml:24:5-67
MERGED from [com.google.firebase:firebase-storage:21.0.0] AndroidManifest.xml:24:5-67
MERGED from [com.google.firebase:firebase-installations:18.0.0] AndroidManifest.xml:8:5-67
MERGED from [com.google.firebase:firebase-installations:18.0.0] AndroidManifest.xml:8:5-67
MERGED from [com.google.android.datatransport:transport-backend-cct:3.3.0] AndroidManifest.xml:23:5-67
MERGED from [com.google.android.datatransport:transport-backend-cct:3.3.0] AndroidManifest.xml:23:5-67
MERGED from [com.google.android.recaptcha:recaptcha:18.4.0] AndroidManifest.xml:7:5-67
MERGED from [com.google.android.recaptcha:recaptcha:18.4.0] AndroidManifest.xml:7:5-67
	android:name
		ADDED from src/main/AndroidManifest.xml:3:22-64
uses-permission#android.permission.READ_EXTERNAL_STORAGE
ADDED from src/main/AndroidManifest.xml:5:5-80
	android:name
		ADDED from src/main/AndroidManifest.xml:5:22-77
uses-permission#android.permission.WRITE_EXTERNAL_STORAGE
ADDED from src/main/AndroidManifest.xml:6:5-81
	android:name
		ADDED from src/main/AndroidManifest.xml:6:22-78
queries
ADDED from src/main/AndroidManifest.xml:53:5-58:15
intent#action:name:android.intent.action.PROCESS_TEXT+data:mimeType:text/plain
ADDED from src/main/AndroidManifest.xml:54:9-57:18
action#android.intent.action.PROCESS_TEXT
ADDED from src/main/AndroidManifest.xml:55:13-72
	android:name
		ADDED from src/main/AndroidManifest.xml:55:21-70
data
ADDED from src/main/AndroidManifest.xml:56:13-50
	android:mimeType
		ADDED from src/main/AndroidManifest.xml:56:19-48
activity#jp.co.miceone.jcsguidelines.MainActivity
ADDED from src/main/AndroidManifest.xml:16:9-41:20
	android:launchMode
		ADDED from src/main/AndroidManifest.xml:19:13-43
	android:hardwareAccelerated
		ADDED from src/main/AndroidManifest.xml:22:13-47
	android:windowSoftInputMode
		ADDED from src/main/AndroidManifest.xml:23:13-55
	android:exported
		ADDED from src/main/AndroidManifest.xml:18:13-36
	android:configChanges
		ADDED from src/main/AndroidManifest.xml:21:13-163
	android:theme
		ADDED from src/main/AndroidManifest.xml:20:13-47
	android:name
		ADDED from src/main/AndroidManifest.xml:17:13-41
meta-data#io.flutter.embedding.android.NormalTheme
ADDED from src/main/AndroidManifest.xml:33:13-36:17
	android:resource
		ADDED from src/main/AndroidManifest.xml:35:15-52
	android:name
		ADDED from src/main/AndroidManifest.xml:34:15-70
intent-filter#action:name:android.intent.action.MAIN+category:name:android.intent.category.LAUNCHER
ADDED from src/main/AndroidManifest.xml:37:13-40:29
action#android.intent.action.MAIN
ADDED from src/main/AndroidManifest.xml:38:17-68
	android:name
		ADDED from src/main/AndroidManifest.xml:38:25-66
category#android.intent.category.LAUNCHER
ADDED from src/main/AndroidManifest.xml:39:17-76
	android:name
		ADDED from src/main/AndroidManifest.xml:39:27-74
meta-data#flutterEmbedding
ADDED from src/main/AndroidManifest.xml:44:9-46:33
	android:value
		ADDED from src/main/AndroidManifest.xml:46:13-30
	android:name
		ADDED from src/main/AndroidManifest.xml:45:13-44
uses-sdk
INJECTED from src/main/AndroidManifest.xml reason: use-sdk injection requested
INJECTED from src/main/AndroidManifest.xml
INJECTED from src/main/AndroidManifest.xml
MERGED from [:alh_pdf_view_android] AndroidManifest.xml:5:5-44
MERGED from [:alh_pdf_view_android] AndroidManifest.xml:5:5-44
MERGED from [:cloud_firestore] AndroidManifest.xml:5:5-44
MERGED from [:cloud_firestore] AndroidManifest.xml:5:5-44
MERGED from [:easy_pdf_viewer] AndroidManifest.xml:5:5-44
MERGED from [:easy_pdf_viewer] AndroidManifest.xml:5:5-44
MERGED from [:firebase_auth] AndroidManifest.xml:5:5-44
MERGED from [:firebase_auth] AndroidManifest.xml:5:5-44
MERGED from [:firebase_crashlytics] AndroidManifest.xml:5:5-44
MERGED from [:firebase_crashlytics] AndroidManifest.xml:5:5-44
MERGED from [:firebase_storage] AndroidManifest.xml:5:5-44
MERGED from [:firebase_storage] AndroidManifest.xml:5:5-44
MERGED from [:firebase_core] AndroidManifest.xml:5:5-44
MERGED from [:firebase_core] AndroidManifest.xml:5:5-44
MERGED from [:flutter_keyboard_visibility_temp_fork] AndroidManifest.xml:5:5-44
MERGED from [:flutter_keyboard_visibility_temp_fork] AndroidManifest.xml:5:5-44
MERGED from [:flutter_localization] AndroidManifest.xml:5:5-44
MERGED from [:flutter_localization] AndroidManifest.xml:5:5-44
MERGED from [:flutter_native_splash] AndroidManifest.xml:5:5-44
MERGED from [:flutter_native_splash] AndroidManifest.xml:5:5-44
MERGED from [:flutter_pdfview] AndroidManifest.xml:5:5-44
MERGED from [:flutter_pdfview] AndroidManifest.xml:5:5-44
MERGED from [:flutter_secure_storage] AndroidManifest.xml:6:5-8:53
MERGED from [:flutter_secure_storage] AndroidManifest.xml:6:5-8:53
MERGED from [:fluttertoast] AndroidManifest.xml:5:5-44
MERGED from [:fluttertoast] AndroidManifest.xml:5:5-44
MERGED from [:google_sign_in_android] AndroidManifest.xml:5:5-44
MERGED from [:google_sign_in_android] AndroidManifest.xml:5:5-44
MERGED from [:path_provider_android] AndroidManifest.xml:5:5-44
MERGED from [:path_provider_android] AndroidManifest.xml:5:5-44
MERGED from [:pdftron_flutter] AndroidManifest.xml:5:5-44
MERGED from [:pdftron_flutter] AndroidManifest.xml:5:5-44
MERGED from [:permission_handler_android] AndroidManifest.xml:5:5-44
MERGED from [:permission_handler_android] AndroidManifest.xml:5:5-44
MERGED from [:quill_native_bridge_android] AndroidManifest.xml:5:5-44
MERGED from [:quill_native_bridge_android] AndroidManifest.xml:5:5-44
MERGED from [:shared_preferences_android] AndroidManifest.xml:5:5-44
MERGED from [:shared_preferences_android] AndroidManifest.xml:5:5-44
MERGED from [:sqflite_android] AndroidManifest.xml:5:5-44
MERGED from [:sqflite_android] AndroidManifest.xml:5:5-44
MERGED from [:url_launcher_android] AndroidManifest.xml:5:5-44
MERGED from [:url_launcher_android] AndroidManifest.xml:5:5-44
MERGED from [:webview_flutter_android] AndroidManifest.xml:5:5-44
MERGED from [:webview_flutter_android] AndroidManifest.xml:5:5-44
MERGED from [com.google.firebase:firebase-crashlytics:19.1.0] AndroidManifest.xml:5:5-44
MERGED from [com.google.firebase:firebase-crashlytics:19.1.0] AndroidManifest.xml:5:5-44
MERGED from [com.google.firebase:firebase-auth:23.0.0] AndroidManifest.xml:21:5-23:151
MERGED from [com.google.firebase:firebase-auth:23.0.0] AndroidManifest.xml:21:5-23:151
MERGED from [com.google.firebase:firebase-firestore:25.1.0] AndroidManifest.xml:6:5-44
MERGED from [com.google.firebase:firebase-firestore:25.1.0] AndroidManifest.xml:6:5-44
MERGED from [com.google.firebase:firebase-storage:21.0.0] AndroidManifest.xml:19:5-44
MERGED from [com.google.firebase:firebase-storage:21.0.0] AndroidManifest.xml:19:5-44
MERGED from [com.google.firebase:firebase-sessions:2.0.4] AndroidManifest.xml:18:5-44
MERGED from [com.google.firebase:firebase-sessions:2.0.4] AndroidManifest.xml:18:5-44
MERGED from [com.google.firebase:firebase-installations:18.0.0] AndroidManifest.xml:5:5-44
MERGED from [com.google.firebase:firebase-installations:18.0.0] AndroidManifest.xml:5:5-44
MERGED from [com.google.firebase:firebase-appcheck:18.0.0] AndroidManifest.xml:18:5-44
MERGED from [com.google.firebase:firebase-appcheck:18.0.0] AndroidManifest.xml:18:5-44
MERGED from [com.google.firebase:firebase-common-ktx:21.0.0] AndroidManifest.xml:5:5-44
MERGED from [com.google.firebase:firebase-common-ktx:21.0.0] AndroidManifest.xml:5:5-44
MERGED from [com.google.firebase:firebase-config-interop:16.0.1] AndroidManifest.xml:18:5-44
MERGED from [com.google.firebase:firebase-config-interop:16.0.1] AndroidManifest.xml:18:5-44
MERGED from [com.google.firebase:firebase-datatransport:19.0.0] AndroidManifest.xml:18:5-44
MERGED from [com.google.firebase:firebase-datatransport:19.0.0] AndroidManifest.xml:18:5-44
MERGED from [com.google.android.datatransport:transport-backend-cct:3.3.0] AndroidManifest.xml:18:5-44
MERGED from [com.google.android.datatransport:transport-backend-cct:3.3.0] AndroidManifest.xml:18:5-44
MERGED from [com.google.firebase:firebase-encoders-json:18.0.1] AndroidManifest.xml:18:5-20:41
MERGED from [com.google.firebase:firebase-encoders-json:18.0.1] AndroidManifest.xml:18:5-20:41
MERGED from [com.github.mhiew:android-pdf-viewer:3.2.0-beta.3] AndroidManifest.xml:5:5-7:41
MERGED from [com.github.mhiew:android-pdf-viewer:3.2.0-beta.3] AndroidManifest.xml:5:5-7:41
MERGED from [com.pdftron:tools:11.2.0] AndroidManifest.xml:6:5-44
MERGED from [com.pdftron:tools:11.2.0] AndroidManifest.xml:6:5-44
MERGED from [androidx.preference:preference:1.2.1] AndroidManifest.xml:20:5-22:41
MERGED from [androidx.preference:preference:1.2.1] AndroidManifest.xml:20:5-22:41
MERGED from [androidx.browser:browser:1.5.0] AndroidManifest.xml:20:5-44
MERGED from [androidx.browser:browser:1.5.0] AndroidManifest.xml:20:5-44
MERGED from [androidx.webkit:webkit:1.12.1] AndroidManifest.xml:5:5-44
MERGED from [androidx.webkit:webkit:1.12.1] AndroidManifest.xml:5:5-44
MERGED from [androidx.legacy:legacy-support-v4:1.0.0] AndroidManifest.xml:20:5-44
MERGED from [androidx.legacy:legacy-support-v4:1.0.0] AndroidManifest.xml:20:5-44
MERGED from [androidx.legacy:legacy-support-core-ui:1.0.0] AndroidManifest.xml:20:5-44
MERGED from [androidx.legacy:legacy-support-core-ui:1.0.0] AndroidManifest.xml:20:5-44
MERGED from [androidx.slidingpanelayout:slidingpanelayout:1.2.0] AndroidManifest.xml:20:5-22:41
MERGED from [androidx.slidingpanelayout:slidingpanelayout:1.2.0] AndroidManifest.xml:20:5-22:41